  Cleaning FPSProjectEditor and UnrealHeaderTool binaries...
UnrealBuildTool : error : Unable to delete D:\GIT\UnrealFpsProject\FPSProject\Binaries\Win64\UE4Editor-FPSProject.dll (Unable to delete 'D:\GIT\UnrealFpsProject\FPSProject\Binaries\Win64\UE4Editor-FPSProject.dll': L'accès au chemin d'accès 'D:\GIT\UnrealFpsProject\FPSProject\Binaries\Win64\UE4Editor-FPSProject.dll' est refusé.)
  Using 'git status' to determine working set for adaptive non-unity build (D:\GIT\UnrealFpsProject).
  Creating makefile for FPSProjectEditor (no existing makefile)
  Parsing headers for FPSProjectEditor
    Running UnrealHeaderTool "D:\GIT\UnrealFpsProject\FPSProject\FPSProject.uproject" "D:\GIT\UnrealFpsProject\FPSProject\Intermediate\Build\Win64\FPSProjectEditor\Development\FPSProjectEditor.uhtmanifest" -LogCmds="loginit warning, logexit warning, logdatabase error" -Unattended -WarningsAsErrors -abslog="C:\Users\kbracher\AppData\Local\UnrealBuildTool\Log_UHT.txt" -installed
  Reflection code generated for FPSProjectEditor in 4,9120195 seconds
  Building FPSProjectEditor...
  Using Visual Studio 2019 14.28.29336 toolchain (C:\Program Files (x86)\Microsoft Visual Studio\2019\Community\VC\Tools\MSVC\14.28.29333) and Windows 10.0.18362.0 SDK (C:\Program Files (x86)\Windows Kits\10).
  Building 21 actions with 12 processes...
    [1/21] Default.rc2
    [2/21] SharedPCH.Engine.ShadowErrors.cpp
    [3/21] FPSProject.cpp
    [4/21] Enemy.gen.cpp
    [5/21] Weapon.cpp
    [6/21] FPSProjectProjectile.cpp
    [7/21] FPSProjectCharacter.gen.cpp
    [8/21] FPSProject.init.gen.cpp
    [9/21] Enemy.cpp
    [10/21] FPSProjectHUD.gen.cpp
    [11/21] FPSProjectGameMode.gen.cpp
    [12/21] Weapon.gen.cpp
    [13/21] FPSProjectProjectile.gen.cpp
    [14/21] FPSProjectGameMode.cpp
    [15/21] FPSProjectHUD.cpp
    [16/21] Enemy_Controller.cpp
    [17/21] Enemy_Controller.gen.cpp
    [18/21] FPSProjectCharacter.cpp
    [19/21] UE4Editor-FPSProject-0001.lib
       Création de la bibliothèque D:\GIT\UnrealFpsProject\FPSProject\Intermediate\Build\Win64\UE4Editor\Development\FPSProject\UE4Editor-FPSProject-0001.lib et de l'objet D:\GIT\UnrealFpsProject\FPSProject\Intermediate\Build\Win64\UE4Editor\Development\FPSProject\UE4Editor-FPSProject-0001.exp
    [20/21] UE4Editor-FPSProject-0001.dll
       Création de la bibliothèque D:\GIT\UnrealFpsProject\FPSProject\Intermediate\Build\Win64\UE4Editor\Development\FPSProject\UE4Editor-FPSProject-0001.suppressed.lib et de l'objet D:\GIT\UnrealFpsProject\FPSProject\Intermediate\Build\Win64\UE4Editor\Development\FPSProject\UE4Editor-FPSProject-0001.suppressed.exp
    [21/21] FPSProjectEditor.target
  Total time in Parallel executor: 70,90 seconds
  Total execution time: 78,33 seconds
C:\Program Files (x86)\Microsoft Visual Studio\2019\Community\MSBuild\Microsoft\VC\v160\Microsoft.MakeFile.Targets(51,5): error MSB3073: La commande ""C:\Program Files\Epic Games\UE_4.26\Engine\Build\BatchFiles\Rebuild.bat" FPSProjectEditor Win64 Development -Project="D:\GIT\UnrealFpsProject\FPSProject\FPSProject.uproject" -WaitMutex -FromMsBuild" s'est arrêtée avec le code -1.
